[2025-08-14T06:33:12.479Z] [31MERROR[39M: Invalid access token, please log in
[2025-08-14T06:33:13.735Z] [31MERROR[39M: Invalid access token, please log in
[2025-08-14T06:33:26.343Z] [31MERROR[39M: Invalid access token, please log in
[2025-08-14T06:33:26.348Z] [31MERROR[39M: Invalid access token, please log in
[2025-08-14T06:33:26.359Z] [31MERROR[39M: Invalid access token, please log in
[2025-08-14T06:33:26.362Z] [31MERROR[39M: Invalid access token, please log in
[2025-08-14T06:33:26.365Z] [31MERROR[39M: Invalid access token, please log in
[2025-08-14T06:33:26.636Z] [31MERROR[39M: Refresh token not found
[2025-08-14T06:33:26.714Z] [31MERROR[39M: Refresh token not found
[2025-08-14T06:33:27.181Z] [31MERROR[39M: Refresh token not found
[2025-08-14T06:33:27.185Z] [31MERROR[39M: Refresh token not found
[2025-08-14T06:33:27.189Z] [31MERROR[39M: Refresh token not found
[2025-08-14T06:33:34.560Z] [31MERROR[39M: Invalid access token, please log in
[2025-08-14T06:33:34.908Z] [31MERROR[39M: Refresh token not found
[2025-08-14T06:33:41.491Z] [31MERROR[39M: Record not found
[2025-08-14T06:33:46.579Z] [31MERROR[39M: Invalid access token, please log in
[2025-08-14T06:33:46.904Z] [31MERROR[39M: Refresh token not found
[2025-08-15T06:04:56.603Z] [31MERROR[39M: Unauthorized, please log in
[2025-08-15T06:04:57.104Z] [31MERROR[39M: Refresh token not found
[2025-08-15T06:05:07.706Z] [31MERROR[39M: Unauthorized, please log in
[2025-08-15T06:05:07.753Z] [31MERROR[39M: Unauthorized, please log in
[2025-08-15T06:05:07.763Z] [31MERROR[39M: Unauthorized, please log in
[2025-08-15T06:05:07.774Z] [31MERROR[39M: Unauthorized, please log in
[2025-08-15T06:05:07.784Z] [31MERROR[39M: Unauthorized, please log in
[2025-08-15T06:05:07.892Z] [31MERROR[39M: Refresh token not found
[2025-08-15T06:05:07.925Z] [31MERROR[39M: Refresh token not found
[2025-08-15T06:05:08.680Z] [31MERROR[39M: Refresh token not found
[2025-08-15T06:05:08.693Z] [31MERROR[39M: Refresh token not found
[2025-08-15T06:05:08.702Z] [31MERROR[39M: Refresh token not found
[2025-08-15T06:05:10.343Z] [31MERROR[39M: Unauthorized, please log in
[2025-08-15T06:05:10.545Z] [31MERROR[39M: Refresh token not found
[2025-08-15T06:09:55.487Z] [31MERROR[39M: Unauthorized, please log in
[2025-08-15T06:09:55.776Z] [31MERROR[39M: Refresh token not found
[2025-08-15T06:14:51.783Z] [31MERROR[39M: Unauthorized, please log in
[2025-08-15T06:14:52.121Z] [31MERROR[39M: Refresh token not found
[2025-08-15T06:14:53.729Z] [31MERROR[39M: Unauthorized, please log in
[2025-08-15T06:14:54.414Z] [31MERROR[39M: Refresh token not found
[2025-08-15T06:15:29.146Z] [31MERROR[39M: Unauthorized, please log in
[2025-08-15T06:15:29.382Z] [31MERROR[39M: Refresh token not found
[2025-08-15T06:17:04.787Z] [31MERROR[39M: Unauthorized, please log in
[2025-08-15T06:17:05.023Z] [31MERROR[39M: Refresh token not found
[2025-08-15T06:40:30.701Z] [31MERROR[39M: Invalid access token, please log in
[2025-08-15T06:40:31.641Z] [31MERROR[39M: Invalid access token, please log in
[2025-08-15T06:40:37.723Z] [31MERROR[39M: Invalid access token, please log in
[2025-08-15T06:40:38.381Z] [31MERROR[39M: Invalid access token, please log in
[2025-08-15T06:41:48.446Z] [31MERROR[39M: Variant not found
[2025-08-15T06:49:02.840Z] [31MERROR[39M: Invalid access token, please log in
[2025-08-15T06:49:05.773Z] [31MERROR[39M: Invalid access token, please log in
[2025-08-15T06:49:06.010Z] [31MERROR[39M: Refresh token not found
[2025-08-15T06:49:07.127Z] [31MERROR[39M: Invalid access token, please log in
[2025-08-15T06:49:07.367Z] [31MERROR[39M: Refresh token not found
[2025-08-15T07:03:38.408Z] [31MERROR[39M: Unauthorized, please log in
[2025-08-15T07:03:40.931Z] [31MERROR[39M: Refresh token not found
[2025-08-15T07:03:42.690Z] [31MERROR[39M: Unauthorized, please log in
[2025-08-15T07:03:42.816Z] [31MERROR[39M: Refresh token not found
[2025-08-15T07:03:51.410Z] [31MERROR[39M: Unauthorized, please log in
[2025-08-15T07:03:51.571Z] [31MERROR[39M: Refresh token not found
[2025-08-15T07:13:00.089Z] [31MERROR[39M: Unauthorized, please log in
[2025-08-15T07:13:01.103Z] [31MERROR[39M: Refresh token not found
[2025-08-15T07:13:05.430Z] [31MERROR[39M: Unauthorized, please log in
[2025-08-15T07:13:05.738Z] [31MERROR[39M: Refresh token not found
[2025-08-15T07:13:20.642Z] [31MERROR[39M: Cart is empty
[2025-08-15T07:38:04.531Z] [31MERROR[39M: Unauthorized, please log in
[2025-08-15T07:38:05.041Z] [31MERROR[39M: Refresh token not found
[2025-08-15T07:38:28.059Z] [31MERROR[39M: Unauthorized, please log in
[2025-08-15T07:38:28.365Z] [31MERROR[39M: Refresh token not found
[2025-08-15T07:53:01.565Z] [31MERROR[39M: Unauthorized, please log in
[2025-08-15T07:53:02.287Z] [31MERROR[39M: Refresh token not found
[2025-08-15T07:53:11.255Z] [31MERROR[39M: Unauthorized, please log in
[2025-08-15T07:53:11.531Z] [31MERROR[39M: Refresh token not found
[2025-08-15T08:10:51.031Z] [31MERROR[39M: Invalid access token, please log in
[2025-08-15T08:10:53.640Z] [31MERROR[39M: Invalid access token, please log in
[2025-08-15T08:11:23.337Z] [31MERROR[39M: Invalid access token, please log in
[2025-08-15T08:11:24.215Z] [31MERROR[39M: Invalid access token, please log in
[2025-08-15T08:19:02.612Z] [31MERROR[39M: Unauthorized, please log in
[2025-08-15T08:19:03.292Z] [31MERROR[39M: Refresh token not found
[2025-08-15T08:51:08.887Z] [31MERROR[39M: Invalid access token, please log in
[2025-08-15T08:51:10.375Z] [31MERROR[39M: Invalid access token, please log in
[2025-08-15T09:14:39.794Z] [31MERROR[39M: Invalid access token, please log in
[2025-08-15T09:14:40.738Z] [31MERROR[39M: Invalid access token, please log in
[2025-08-15T09:28:10.645Z] [31MERROR[39M: Invalid access token, please log in
[2025-08-15T09:28:11.725Z] [31MERROR[39M: User not found
[2025-08-15T10:08:13.403Z] [31MERROR[39M: Invalid access token, please log in
[2025-08-15T10:08:14.041Z] [31MERROR[39M: User not found
[2025-08-15T10:08:26.623Z] [31MERROR[39M: Invalid access token, please log in
[2025-08-15T10:08:27.439Z] [31MERROR[39M: User not found
[2025-08-15T10:26:32.505Z] [31MERROR[39M: Unauthorized, please log in
[2025-08-15T10:26:32.933Z] [31MERROR[39M: Refresh token not found
[2025-08-15T10:26:48.983Z] [31MERROR[39M: Unauthorized, please log in
[2025-08-15T10:26:49.292Z] [31MERROR[39M: Refresh token not found
[2025-08-15T10:27:02.393Z] [31MERROR[39M: Unauthorized, please log in
[2025-08-15T10:27:02.785Z] [31MERROR[39M: Refresh token not found
[2025-08-15T10:27:24.696Z] [31MERROR[39M: Unauthorized, please log in
[2025-08-15T10:27:25.604Z] [31MERROR[39M: Refresh token not found
[2025-08-15T10:27:26.137Z] [31MERROR[39M: Unauthorized, please log in
[2025-08-15T10:27:26.434Z] [31MERROR[39M: Refresh token not found
[2025-08-15T10:33:22.418Z] [31MERROR[39M: Unauthorized, please log in
[2025-08-15T10:33:22.849Z] [31MERROR[39M: Refresh token not found
[2025-08-15T10:33:33.663Z] [31MERROR[39M: Unauthorized, please log in
[2025-08-15T10:33:33.982Z] [31MERROR[39M: Refresh token not found
[2025-08-15T10:39:12.677Z] [31MERROR[39M: User no longer exists.
[2025-08-15T10:39:12.684Z] [31MERROR[39M: User no longer exists.
[2025-08-15T10:39:12.700Z] [31MERROR[39M: User no longer exists.
[2025-08-15T10:39:12.847Z] [31MERROR[39M: User no longer exists.
[2025-08-15T10:39:13.373Z] [31MERROR[39M: User not found
[2025-08-15T10:39:13.390Z] [31MERROR[39M: User not found
[2025-08-15T10:39:13.424Z] [31MERROR[39M: User not found
[2025-08-15T10:39:13.437Z] [31MERROR[39M: User not found
[2025-08-15T10:39:56.006Z] [31MERROR[39M: User no longer exists.
[2025-08-15T10:39:56.523Z] [31MERROR[39M: User not found
[2025-08-15T10:40:02.247Z] [31MERROR[39M: User no longer exists.
[2025-08-15T10:40:02.774Z] [31MERROR[39M: User not found
[2025-08-15T10:50:18.413Z] [31MERROR[39M: Invalid access token, please log in
[2025-08-15T10:50:19.097Z] [31MERROR[39M: User not found
[2025-08-15T10:50:23.653Z] [31MERROR[39M: Invalid access token, please log in
[2025-08-15T10:50:24.228Z] [31MERROR[39M: User not found
[2025-08-15T10:50:42.165Z] [31MERROR[39M: Invalid access token, please log in
[2025-08-15T10:50:42.554Z] [31MERROR[39M: User not found
[2025-08-15T10:53:56.355Z] [31MERROR[39M: Invalid access token, please log in
[2025-08-15T10:53:56.791Z] [31MERROR[39M: User not found
[2025-08-15T10:55:47.906Z] [31MERROR[39M: Invalid access token, please log in
[2025-08-15T10:55:48.893Z] [31MERROR[39M: User not found
[2025-08-15T10:55:49.309Z] [31MERROR[39M: Duplicate field value entered
[2025-08-15T10:56:06.673Z] [31MERROR[39M: Invalid access token, please log in
[2025-08-15T10:56:07.168Z] [31MERROR[39M: User not found
[2025-08-15T10:56:31.911Z] [31MERROR[39M: Cart is empty
[2025-08-15T11:08:50.719Z] [31MERROR[39M: Unauthorized, please log in
[2025-08-15T11:08:52.659Z] [31MERROR[39M: Refresh token not found
[2025-08-15T13:43:47.130Z] [31MERROR[39M: Unauthorized, please log in
[2025-08-15T13:43:47.614Z] [31MERROR[39M: Refresh token not found
[2025-08-15T15:38:05.408Z] [31MERROR[39M: Unauthorized, please log in
[2025-08-15T15:38:05.823Z] [31MERROR[39M: Refresh token not found
[2025-08-15T16:10:01.140Z] [31MERROR[39M: Unauthorized, please log in
[2025-08-15T16:10:02.961Z] [31MERROR[39M: Refresh token not found
[2025-08-15T16:15:17.654Z] [31MERROR[39M: Unauthorized, please log in
[2025-08-15T16:15:18.902Z] [31MERROR[39M: Unauthorized, please log in
[2025-08-15T16:15:19.272Z] [31MERROR[39M: Refresh token not found
[2025-08-15T16:15:25.602Z] [31MERROR[39M: Unauthorized, please log in
[2025-08-15T16:15:26.222Z] [31MERROR[39M: Refresh token not found
[2025-08-15T16:15:28.291Z] [31MERROR[39M: Unauthorized, please log in
[2025-08-15T16:15:28.537Z] [31MERROR[39M: Refresh token not found
[2025-08-15T16:15:36.768Z] [31MERROR[39M: Unauthorized, please log in
[2025-08-15T16:15:37.239Z] [31MERROR[39M: Refresh token not found
[2025-08-15T16:15:38.276Z] [31MERROR[39M: Unauthorized, please log in
[2025-08-15T16:15:38.502Z] [31MERROR[39M: Refresh token not found
[2025-08-15T16:15:44.916Z] [31MERROR[39M: Unauthorized, please log in
[2025-08-15T16:15:45.186Z] [31MERROR[39M: Refresh token not found
[2025-08-15T16:15:46.160Z] [31MERROR[39M: Unauthorized, please log in
[2025-08-15T16:15:46.558Z] [31MERROR[39M: Refresh token not found
[2025-08-15T16:23:14.077Z] [31MERROR[39M: Unauthorized, please log in
[2025-08-15T16:23:14.781Z] [31MERROR[39M: Refresh token not found
[2025-08-15T16:25:26.355Z] [31MERROR[39M: Unauthorized, please log in
[2025-08-15T16:25:26.673Z] [31MERROR[39M: Refresh token not found
[2025-08-15T16:25:36.803Z] [31MERROR[39M: Unauthorized, please log in
[2025-08-15T16:25:37.016Z] [31MERROR[39M: Refresh token not found
[2025-08-15T16:25:38.859Z] [31MERROR[39M: Unauthorized, please log in
[2025-08-15T16:25:39.087Z] [31MERROR[39M: Refresh token not found
[2025-08-15T16:30:11.278Z] [31MERROR[39M: Unauthorized, please log in
[2025-08-15T16:30:11.627Z] [31MERROR[39M: Refresh token not found
[2025-08-15T16:30:24.462Z] [31MERROR[39M: Unauthorized, please log in
[2025-08-15T16:30:24.677Z] [31MERROR[39M: Refresh token not found
[2025-08-15T16:30:32.868Z] [31MERROR[39M: Unauthorized, please log in
[2025-08-15T16:30:33.097Z] [31MERROR[39M: Refresh token not found
[2025-08-15T16:34:27.359Z] [31MERROR[39M: Unauthorized, please log in
[2025-08-15T16:34:27.765Z] [31MERROR[39M: Refresh token not found
[2025-08-15T16:34:37.229Z] [31MERROR[39M: Unauthorized, please log in
[2025-08-15T16:34:37.588Z] [31MERROR[39M: Refresh token not found
[2025-08-15T16:34:44.940Z] [31MERROR[39M: Unauthorized, please log in
[2025-08-15T16:34:45.230Z] [31MERROR[39M: Refresh token not found
[2025-08-15T16:50:04.556Z] [31MERROR[39M: Invalid access token, please log in
[2025-08-15T16:50:04.561Z] [31MERROR[39M: Invalid access token, please log in
[2025-08-15T16:50:04.617Z] [31MERROR[39M: Invalid access token, please log in
[2025-08-15T16:50:04.620Z] [31MERROR[39M: Invalid access token, please log in
[2025-08-15T16:50:04.624Z] [31MERROR[39M: Invalid access token, please log in
[2025-08-15T16:50:05.076Z] [31MERROR[39M: Invalid access token, please log in
[2025-08-15T16:50:05.079Z] [31MERROR[39M: Invalid access token, please log in
[2025-08-15T16:50:05.342Z] [31MERROR[39M: Invalid access token, please log in
[2025-08-15T16:50:05.410Z] [31MERROR[39M: Invalid access token, please log in
[2025-08-15T16:50:05.530Z] [31MERROR[39M: Invalid access token, please log in
[2025-08-15T16:50:05.898Z] [31MERROR[39M: Refresh token not found
[2025-08-15T16:50:06.052Z] [31MERROR[39M: Refresh token not found
[2025-08-15T16:50:06.160Z] [31MERROR[39M: Invalid access token, please log in
[2025-08-15T16:50:06.255Z] [31MERROR[39M: Invalid access token, please log in
[2025-08-15T16:50:06.260Z] [31MERROR[39M: Refresh token not found
[2025-08-15T16:50:06.262Z] [31MERROR[39M: Refresh token not found
[2025-08-15T16:50:06.263Z] [31MERROR[39M: Refresh token not found
[2025-08-15T16:50:06.366Z] [31MERROR[39M: Invalid access token, please log in
[2025-08-15T16:50:06.455Z] [31MERROR[39M: Invalid access token, please log in
[2025-08-15T16:50:06.542Z] [31MERROR[39M: Invalid access token, please log in
[2025-08-15T16:50:10.747Z] [31MERROR[39M: Invalid access token, please log in
[2025-08-15T16:50:11.471Z] [31MERROR[39M: Invalid access token, please log in
[2025-10-02T15:49:46.987Z] [31MERROR[39M: Unauthorized, please log in
[2025-10-02T16:07:07.039Z] [31MERROR[39M: Unauthorized, please log in
[2025-10-02T16:07:07.089Z] [31MERROR[39M: Refresh token not found
[2025-10-02T18:42:48.858Z] [31MERROR[39M: Unauthorized, please log in
[2025-10-02T19:22:48.970Z] [31MERROR[39M: Unauthorized, please log in
[2025-10-02T19:52:39.487Z] [31MERROR[39M: Unauthorized, please log in
[2025-10-02T20:10:39.110Z] [31MERROR[39M: Unauthorized, please log in
[2025-10-02T20:40:57.872Z] [31MERROR[39M: Unauthorized, please log in
[2025-10-02T20:49:53.172Z] [31MERROR[39M: Unauthorized, please log in
[2025-10-02T20:50:20.316Z] [31MERROR[39M: Unauthorized, please log in
[2025-10-02T20:50:20.334Z] [31MERROR[39M: Refresh token not found
[2025-10-02T20:50:20.523Z] [31MERROR[39M: Prisma error: 
Invalid `prisma.cart.findUnique()` invocation in
/home/ctrl/ecommerce-main/src/server/src/modules/cart/cart.repository.ts:30:36

  27 console.log("🔍 [CART REPOSITORY] getCartBySessionId called");
  28 console.log("🔍 [CART REPOSITORY] sessionId:", sessionId);
  29 
→ 30 const cart = await prisma.cart.findUnique(
The table `public.Cart` does not exist in the current database.
[2025-10-02T20:50:20.795Z] [31MERROR[39M: Prisma error: 
Invalid `prisma.category.findMany()` invocation in
/home/ctrl/ecommerce-main/src/server/src/modules/category/category.repository.ts:12:28

   9   includeProducts?: boolean;
  10 }) {
  11   const { where, orderBy, skip, take, includeProducts } = params;
→ 12   return prisma.category.findMany(
The table `public.Category` does not exist in the current database.
[2025-10-02T20:53:07.864Z] [31MERROR[39M: Prisma error: 
Invalid `prisma.cart.findUnique()` invocation in
/home/ctrl/ecommerce-main/src/server/src/modules/cart/cart.repository.ts:30:36

  27 console.log("🔍 [CART REPOSITORY] getCartBySessionId called");
  28 console.log("🔍 [CART REPOSITORY] sessionId:", sessionId);
  29 
→ 30 const cart = await prisma.cart.findUnique(
The table `public.Cart` does not exist in the current database.
[2025-10-02T20:53:07.888Z] [31MERROR[39M: Prisma error: 
Invalid `prisma.cart.findUnique()` invocation in
/home/ctrl/ecommerce-main/src/server/src/modules/cart/cart.repository.ts:30:36

  27 console.log("🔍 [CART REPOSITORY] getCartBySessionId called");
  28 console.log("🔍 [CART REPOSITORY] sessionId:", sessionId);
  29 
→ 30 const cart = await prisma.cart.findUnique(
The table `public.Cart` does not exist in the current database.
[2025-10-02T20:53:07.905Z] [31MERROR[39M: Prisma error: 
Invalid `prisma.cart.findUnique()` invocation in
/home/ctrl/ecommerce-main/src/server/src/modules/cart/cart.repository.ts:30:36

  27 console.log("🔍 [CART REPOSITORY] getCartBySessionId called");
  28 console.log("🔍 [CART REPOSITORY] sessionId:", sessionId);
  29 
→ 30 const cart = await prisma.cart.findUnique(
The table `public.Cart` does not exist in the current database.
[2025-10-02T20:53:07.921Z] [31MERROR[39M: Prisma error: 
Invalid `prisma.cart.findUnique()` invocation in
/home/ctrl/ecommerce-main/src/server/src/modules/cart/cart.repository.ts:30:36

  27 console.log("🔍 [CART REPOSITORY] getCartBySessionId called");
  28 console.log("🔍 [CART REPOSITORY] sessionId:", sessionId);
  29 
→ 30 const cart = await prisma.cart.findUnique(
The table `public.Cart` does not exist in the current database.
[2025-10-02T20:53:14.036Z] [31MERROR[39M: Prisma error: 
Invalid `prisma.cart.findUnique()` invocation in
/home/ctrl/ecommerce-main/src/server/src/modules/cart/cart.repository.ts:30:36

  27 console.log("🔍 [CART REPOSITORY] getCartBySessionId called");
  28 console.log("🔍 [CART REPOSITORY] sessionId:", sessionId);
  29 
→ 30 const cart = await prisma.cart.findUnique(
The table `public.Cart` does not exist in the current database.
[2025-10-02T20:53:14.057Z] [31MERROR[39M: Prisma error: 
Invalid `prisma.cart.findUnique()` invocation in
/home/ctrl/ecommerce-main/src/server/src/modules/cart/cart.repository.ts:30:36

  27 console.log("🔍 [CART REPOSITORY] getCartBySessionId called");
  28 console.log("🔍 [CART REPOSITORY] sessionId:", sessionId);
  29 
→ 30 const cart = await prisma.cart.findUnique(
The table `public.Cart` does not exist in the current database.
[2025-10-02T20:53:14.116Z] [31MERROR[39M: Prisma error: 
Invalid `prisma.cart.findUnique()` invocation in
/home/ctrl/ecommerce-main/src/server/src/modules/cart/cart.repository.ts:30:36

  27 console.log("🔍 [CART REPOSITORY] getCartBySessionId called");
  28 console.log("🔍 [CART REPOSITORY] sessionId:", sessionId);
  29 
→ 30 const cart = await prisma.cart.findUnique(
The table `public.Cart` does not exist in the current database.
[2025-10-02T20:53:14.136Z] [31MERROR[39M: Prisma error: 
Invalid `prisma.cart.findUnique()` invocation in
/home/ctrl/ecommerce-main/src/server/src/modules/cart/cart.repository.ts:30:36

  27 console.log("🔍 [CART REPOSITORY] getCartBySessionId called");
  28 console.log("🔍 [CART REPOSITORY] sessionId:", sessionId);
  29 
→ 30 const cart = await prisma.cart.findUnique(
The table `public.Cart` does not exist in the current database.
[2025-10-02T20:53:22.189Z] [31MERROR[39M: Prisma error: 
Invalid `prisma.cart.findUnique()` invocation in
/home/ctrl/ecommerce-main/src/server/src/modules/cart/cart.repository.ts:30:36

  27 console.log("🔍 [CART REPOSITORY] getCartBySessionId called");
  28 console.log("🔍 [CART REPOSITORY] sessionId:", sessionId);
  29 
→ 30 const cart = await prisma.cart.findUnique(
The table `public.Cart` does not exist in the current database.
[2025-10-02T20:53:22.237Z] [31MERROR[39M: Prisma error: 
Invalid `prisma.cart.findUnique()` invocation in
/home/ctrl/ecommerce-main/src/server/src/modules/cart/cart.repository.ts:30:36

  27 console.log("🔍 [CART REPOSITORY] getCartBySessionId called");
  28 console.log("🔍 [CART REPOSITORY] sessionId:", sessionId);
  29 
→ 30 const cart = await prisma.cart.findUnique(
The table `public.Cart` does not exist in the current database.
[2025-10-02T20:53:22.246Z] [31MERROR[39M: Prisma error: 
Invalid `prisma.cart.findUnique()` invocation in
/home/ctrl/ecommerce-main/src/server/src/modules/cart/cart.repository.ts:30:36

  27 console.log("🔍 [CART REPOSITORY] getCartBySessionId called");
  28 console.log("🔍 [CART REPOSITORY] sessionId:", sessionId);
  29 
→ 30 const cart = await prisma.cart.findUnique(
The table `public.Cart` does not exist in the current database.
[2025-10-02T20:53:22.347Z] [31MERROR[39M: Prisma error: 
Invalid `prisma.cart.findUnique()` invocation in
/home/ctrl/ecommerce-main/src/server/src/modules/cart/cart.repository.ts:30:36

  27 console.log("🔍 [CART REPOSITORY] getCartBySessionId called");
  28 console.log("🔍 [CART REPOSITORY] sessionId:", sessionId);
  29 
→ 30 const cart = await prisma.cart.findUnique(
The table `public.Cart` does not exist in the current database.
[2025-10-02T20:53:33.860Z] [31MERROR[39M: Prisma error: 
Invalid `prisma.cart.findUnique()` invocation in
/home/ctrl/ecommerce-main/src/server/src/modules/cart/cart.repository.ts:30:36

  27 console.log("🔍 [CART REPOSITORY] getCartBySessionId called");
  28 console.log("🔍 [CART REPOSITORY] sessionId:", sessionId);
  29 
→ 30 const cart = await prisma.cart.findUnique(
The table `public.Cart` does not exist in the current database.
[2025-10-02T20:53:33.875Z] [31MERROR[39M: Prisma error: 
Invalid `prisma.cart.findUnique()` invocation in
/home/ctrl/ecommerce-main/src/server/src/modules/cart/cart.repository.ts:30:36

  27 console.log("🔍 [CART REPOSITORY] getCartBySessionId called");
  28 console.log("🔍 [CART REPOSITORY] sessionId:", sessionId);
  29 
→ 30 const cart = await prisma.cart.findUnique(
The table `public.Cart` does not exist in the current database.
[2025-10-02T20:53:33.897Z] [31MERROR[39M: Prisma error: 
Invalid `prisma.cart.findUnique()` invocation in
/home/ctrl/ecommerce-main/src/server/src/modules/cart/cart.repository.ts:30:36

  27 console.log("🔍 [CART REPOSITORY] getCartBySessionId called");
  28 console.log("🔍 [CART REPOSITORY] sessionId:", sessionId);
  29 
→ 30 const cart = await prisma.cart.findUnique(
The table `public.Cart` does not exist in the current database.
[2025-10-02T20:53:33.929Z] [31MERROR[39M: Prisma error: 
Invalid `prisma.cart.findUnique()` invocation in
/home/ctrl/ecommerce-main/src/server/src/modules/cart/cart.repository.ts:30:36

  27 console.log("🔍 [CART REPOSITORY] getCartBySessionId called");
  28 console.log("🔍 [CART REPOSITORY] sessionId:", sessionId);
  29 
→ 30 const cart = await prisma.cart.findUnique(
The table `public.Cart` does not exist in the current database.
[2025-10-02T20:53:43.360Z] [31MERROR[39M: Prisma error: 
Invalid `prisma.cart.findUnique()` invocation in
/home/ctrl/ecommerce-main/src/server/src/modules/cart/cart.repository.ts:30:36

  27 console.log("🔍 [CART REPOSITORY] getCartBySessionId called");
  28 console.log("🔍 [CART REPOSITORY] sessionId:", sessionId);
  29 
→ 30 const cart = await prisma.cart.findUnique(
The table `public.Cart` does not exist in the current database.
[2025-10-02T20:53:43.379Z] [31MERROR[39M: Prisma error: 
Invalid `prisma.cart.findUnique()` invocation in
/home/ctrl/ecommerce-main/src/server/src/modules/cart/cart.repository.ts:30:36

  27 console.log("🔍 [CART REPOSITORY] getCartBySessionId called");
  28 console.log("🔍 [CART REPOSITORY] sessionId:", sessionId);
  29 
→ 30 const cart = await prisma.cart.findUnique(
The table `public.Cart` does not exist in the current database.
[2025-10-02T20:53:43.404Z] [31MERROR[39M: Prisma error: 
Invalid `prisma.cart.findUnique()` invocation in
/home/ctrl/ecommerce-main/src/server/src/modules/cart/cart.repository.ts:30:36

  27 console.log("🔍 [CART REPOSITORY] getCartBySessionId called");
  28 console.log("🔍 [CART REPOSITORY] sessionId:", sessionId);
  29 
→ 30 const cart = await prisma.cart.findUnique(
The table `public.Cart` does not exist in the current database.
[2025-10-02T20:53:43.427Z] [31MERROR[39M: Prisma error: 
Invalid `prisma.cart.findUnique()` invocation in
/home/ctrl/ecommerce-main/src/server/src/modules/cart/cart.repository.ts:30:36

  27 console.log("🔍 [CART REPOSITORY] getCartBySessionId called");
  28 console.log("🔍 [CART REPOSITORY] sessionId:", sessionId);
  29 
→ 30 const cart = await prisma.cart.findUnique(
The table `public.Cart` does not exist in the current database.
[2025-10-02T20:53:51.045Z] [31MERROR[39M: Prisma error: 
Invalid `prisma.cart.findUnique()` invocation in
/home/ctrl/ecommerce-main/src/server/src/modules/cart/cart.repository.ts:30:36

  27 console.log("🔍 [CART REPOSITORY] getCartBySessionId called");
  28 console.log("🔍 [CART REPOSITORY] sessionId:", sessionId);
  29 
→ 30 const cart = await prisma.cart.findUnique(
The table `public.Cart` does not exist in the current database.
[2025-10-02T20:53:51.093Z] [31MERROR[39M: Prisma error: 
Invalid `prisma.cart.findUnique()` invocation in
/home/ctrl/ecommerce-main/src/server/src/modules/cart/cart.repository.ts:30:36

  27 console.log("🔍 [CART REPOSITORY] getCartBySessionId called");
  28 console.log("🔍 [CART REPOSITORY] sessionId:", sessionId);
  29 
→ 30 const cart = await prisma.cart.findUnique(
The table `public.Cart` does not exist in the current database.
[2025-10-02T20:53:51.106Z] [31MERROR[39M: Prisma error: 
Invalid `prisma.cart.findUnique()` invocation in
/home/ctrl/ecommerce-main/src/server/src/modules/cart/cart.repository.ts:30:36

  27 console.log("🔍 [CART REPOSITORY] getCartBySessionId called");
  28 console.log("🔍 [CART REPOSITORY] sessionId:", sessionId);
  29 
→ 30 const cart = await prisma.cart.findUnique(
The table `public.Cart` does not exist in the current database.
[2025-10-02T20:53:51.111Z] [31MERROR[39M: Prisma error: 
Invalid `prisma.cart.findUnique()` invocation in
/home/ctrl/ecommerce-main/src/server/src/modules/cart/cart.repository.ts:30:36

  27 console.log("🔍 [CART REPOSITORY] getCartBySessionId called");
  28 console.log("🔍 [CART REPOSITORY] sessionId:", sessionId);
  29 
→ 30 const cart = await prisma.cart.findUnique(
The table `public.Cart` does not exist in the current database.
[2025-10-02T20:54:02.745Z] [31MERROR[39M: Prisma error: 
Invalid `prisma.cart.findUnique()` invocation in
/home/ctrl/ecommerce-main/src/server/src/modules/cart/cart.repository.ts:30:36

  27 console.log("🔍 [CART REPOSITORY] getCartBySessionId called");
  28 console.log("🔍 [CART REPOSITORY] sessionId:", sessionId);
  29 
→ 30 const cart = await prisma.cart.findUnique(
The table `public.Cart` does not exist in the current database.
[2025-10-02T20:54:02.792Z] [31MERROR[39M: Prisma error: 
Invalid `prisma.cart.findUnique()` invocation in
/home/ctrl/ecommerce-main/src/server/src/modules/cart/cart.repository.ts:30:36

  27 console.log("🔍 [CART REPOSITORY] getCartBySessionId called");
  28 console.log("🔍 [CART REPOSITORY] sessionId:", sessionId);
  29 
→ 30 const cart = await prisma.cart.findUnique(
The table `public.Cart` does not exist in the current database.
[2025-10-02T20:54:02.805Z] [31MERROR[39M: Prisma error: 
Invalid `prisma.cart.findUnique()` invocation in
/home/ctrl/ecommerce-main/src/server/src/modules/cart/cart.repository.ts:30:36

  27 console.log("🔍 [CART REPOSITORY] getCartBySessionId called");
  28 console.log("🔍 [CART REPOSITORY] sessionId:", sessionId);
  29 
→ 30 const cart = await prisma.cart.findUnique(
The table `public.Cart` does not exist in the current database.
[2025-10-02T20:54:02.815Z] [31MERROR[39M: Prisma error: 
Invalid `prisma.cart.findUnique()` invocation in
/home/ctrl/ecommerce-main/src/server/src/modules/cart/cart.repository.ts:30:36

  27 console.log("🔍 [CART REPOSITORY] getCartBySessionId called");
  28 console.log("🔍 [CART REPOSITORY] sessionId:", sessionId);
  29 
→ 30 const cart = await prisma.cart.findUnique(
The table `public.Cart` does not exist in the current database.
[2025-10-02T20:54:18.979Z] [31MERROR[39M: Prisma error: 
Invalid `prisma.cart.findUnique()` invocation in
/home/ctrl/ecommerce-main/src/server/src/modules/cart/cart.repository.ts:30:36

  27 console.log("🔍 [CART REPOSITORY] getCartBySessionId called");
  28 console.log("🔍 [CART REPOSITORY] sessionId:", sessionId);
  29 
→ 30 const cart = await prisma.cart.findUnique(
The table `public.Cart` does not exist in the current database.
[2025-10-02T20:54:18.986Z] [31MERROR[39M: Prisma error: 
Invalid `prisma.cart.findUnique()` invocation in
/home/ctrl/ecommerce-main/src/server/src/modules/cart/cart.repository.ts:30:36

  27 console.log("🔍 [CART REPOSITORY] getCartBySessionId called");
  28 console.log("🔍 [CART REPOSITORY] sessionId:", sessionId);
  29 
→ 30 const cart = await prisma.cart.findUnique(
The table `public.Cart` does not exist in the current database.
[2025-10-02T20:54:19.013Z] [31MERROR[39M: Prisma error: 
Invalid `prisma.cart.findUnique()` invocation in
/home/ctrl/ecommerce-main/src/server/src/modules/cart/cart.repository.ts:30:36

  27 console.log("🔍 [CART REPOSITORY] getCartBySessionId called");
  28 console.log("🔍 [CART REPOSITORY] sessionId:", sessionId);
  29 
→ 30 const cart = await prisma.cart.findUnique(
The table `public.Cart` does not exist in the current database.
[2025-10-02T20:54:19.028Z] [31MERROR[39M: Prisma error: 
Invalid `prisma.cart.findUnique()` invocation in
/home/ctrl/ecommerce-main/src/server/src/modules/cart/cart.repository.ts:30:36

  27 console.log("🔍 [CART REPOSITORY] getCartBySessionId called");
  28 console.log("🔍 [CART REPOSITORY] sessionId:", sessionId);
  29 
→ 30 const cart = await prisma.cart.findUnique(
The table `public.Cart` does not exist in the current database.
[2025-10-02T20:57:23.399Z] [31MERROR[39M: Prisma error: 
Invalid `prisma.category.findMany()` invocation in
/home/ctrl/ecommerce-main/src/server/src/modules/category/category.repository.ts:12:28

   9   includeProducts?: boolean;
  10 }) {
  11   const { where, orderBy, skip, take, includeProducts } = params;
→ 12   return prisma.category.findMany(
The table `public.Category` does not exist in the current database.
[2025-10-02T20:57:31.517Z] [31MERROR[39M: Prisma error: 
Invalid `prisma.category.findMany()` invocation in
/home/ctrl/ecommerce-main/src/server/src/modules/category/category.repository.ts:12:28

   9   includeProducts?: boolean;
  10 }) {
  11   const { where, orderBy, skip, take, includeProducts } = params;
→ 12   return prisma.category.findMany(
The table `public.Category` does not exist in the current database.
[2025-10-02T20:57:31.523Z] [31MERROR[39M: Prisma error: 
Invalid `prisma.category.findMany()` invocation in
/home/ctrl/ecommerce-main/src/server/src/modules/category/category.repository.ts:12:28

   9   includeProducts?: boolean;
  10 }) {
  11   const { where, orderBy, skip, take, includeProducts } = params;
→ 12   return prisma.category.findMany(
The table `public.Category` does not exist in the current database.
[2025-10-02T20:57:31.578Z] [31MERROR[39M: Prisma error: 
Invalid `prisma.category.findMany()` invocation in
/home/ctrl/ecommerce-main/src/server/src/modules/category/category.repository.ts:12:28

   9   includeProducts?: boolean;
  10 }) {
  11   const { where, orderBy, skip, take, includeProducts } = params;
→ 12   return prisma.category.findMany(
The table `public.Category` does not exist in the current database.
[2025-10-02T20:57:31.682Z] [31MERROR[39M: Prisma error: 
Invalid `prisma.category.findMany()` invocation in
/home/ctrl/ecommerce-main/src/server/src/modules/category/category.repository.ts:12:28

   9   includeProducts?: boolean;
  10 }) {
  11   const { where, orderBy, skip, take, includeProducts } = params;
→ 12   return prisma.category.findMany(
The table `public.Category` does not exist in the current database.
[2025-10-02T20:57:32.297Z] [31MERROR[39M: Prisma error: 
Invalid `prisma.category.findMany()` invocation in
/home/ctrl/ecommerce-main/src/server/src/modules/category/category.repository.ts:12:28

   9   includeProducts?: boolean;
  10 }) {
  11   const { where, orderBy, skip, take, includeProducts } = params;
→ 12   return prisma.category.findMany(
The table `public.Category` does not exist in the current database.
[2025-10-02T20:57:32.330Z] [31MERROR[39M: Prisma error: 
Invalid `prisma.category.findMany()` invocation in
/home/ctrl/ecommerce-main/src/server/src/modules/category/category.repository.ts:12:28

   9   includeProducts?: boolean;
  10 }) {
  11   const { where, orderBy, skip, take, includeProducts } = params;
→ 12   return prisma.category.findMany(
The table `public.Category` does not exist in the current database.
[2025-10-02T20:57:32.391Z] [31MERROR[39M: Prisma error: 
Invalid `prisma.category.findMany()` invocation in
/home/ctrl/ecommerce-main/src/server/src/modules/category/category.repository.ts:12:28

   9   includeProducts?: boolean;
  10 }) {
  11   const { where, orderBy, skip, take, includeProducts } = params;
→ 12   return prisma.category.findMany(
The table `public.Category` does not exist in the current database.
[2025-10-02T20:57:32.515Z] [31MERROR[39M: Prisma error: 
Invalid `prisma.category.findMany()` invocation in
/home/ctrl/ecommerce-main/src/server/src/modules/category/category.repository.ts:12:28

   9   includeProducts?: boolean;
  10 }) {
  11   const { where, orderBy, skip, take, includeProducts } = params;
→ 12   return prisma.category.findMany(
The table `public.Category` does not exist in the current database.
[2025-10-02T21:08:55.748Z] [31MERROR[39M: Unauthorized, please log in
[2025-10-02T21:08:55.770Z] [31MERROR[39M: Prisma error: 
Invalid `prisma.cart.findUnique()` invocation in
/home/ctrl/ecommerce-main/src/server/src/modules/cart/cart.repository.ts:30:36

  27 console.log("🔍 [CART REPOSITORY] getCartBySessionId called");
  28 console.log("🔍 [CART REPOSITORY] sessionId:", sessionId);
  29 
→ 30 const cart = await prisma.cart.findUnique(
The table `public.Cart` does not exist in the current database.
[2025-10-02T21:08:55.774Z] [31MERROR[39M: Refresh token not found
[2025-10-02T21:08:55.843Z] [31MERROR[39M: Prisma error: 
Invalid `prisma.category.findMany()` invocation in
/home/ctrl/ecommerce-main/src/server/src/modules/category/category.repository.ts:12:28

   9   includeProducts?: boolean;
  10 }) {
  11   const { where, orderBy, skip, take, includeProducts } = params;
→ 12   return prisma.category.findMany(
The table `public.Category` does not exist in the current database.
[2025-10-02T21:09:07.807Z] [31MERROR[39M: Unauthorized, please log in
[2025-10-02T21:09:07.809Z] [31MERROR[39M: Prisma error: 
Invalid `prisma.cart.findUnique()` invocation in
/home/ctrl/ecommerce-main/src/server/src/modules/cart/cart.repository.ts:30:36

  27 console.log("🔍 [CART REPOSITORY] getCartBySessionId called");
  28 console.log("🔍 [CART REPOSITORY] sessionId:", sessionId);
  29 
→ 30 const cart = await prisma.cart.findUnique(
The table `public.Cart` does not exist in the current database.
[2025-10-02T21:09:07.899Z] [31MERROR[39M: Refresh token not found
[2025-10-02T21:09:08.001Z] [31MERROR[39M: Prisma error: 
Invalid `prisma.category.findMany()` invocation in
/home/ctrl/ecommerce-main/src/server/src/modules/category/category.repository.ts:12:28

   9   includeProducts?: boolean;
  10 }) {
  11   const { where, orderBy, skip, take, includeProducts } = params;
→ 12   return prisma.category.findMany(
The table `public.Category` does not exist in the current database.
[2025-10-02T21:09:11.685Z] [31MERROR[39M: Unauthorized, please log in
[2025-10-02T21:09:11.689Z] [31MERROR[39M: Prisma error: 
Invalid `prisma.cart.findUnique()` invocation in
/home/ctrl/ecommerce-main/src/server/src/modules/cart/cart.repository.ts:30:36

  27 console.log("🔍 [CART REPOSITORY] getCartBySessionId called");
  28 console.log("🔍 [CART REPOSITORY] sessionId:", sessionId);
  29 
→ 30 const cart = await prisma.cart.findUnique(
The table `public.Cart` does not exist in the current database.
[2025-10-02T21:09:11.761Z] [31MERROR[39M: Refresh token not found
[2025-10-02T21:09:11.895Z] [31MERROR[39M: Prisma error: 
Invalid `prisma.category.findMany()` invocation in
/home/ctrl/ecommerce-main/src/server/src/modules/category/category.repository.ts:12:28

   9   includeProducts?: boolean;
  10 }) {
  11   const { where, orderBy, skip, take, includeProducts } = params;
→ 12   return prisma.category.findMany(
The table `public.Category` does not exist in the current database.
[2025-10-02T21:09:14.857Z] [31MERROR[39M: Unauthorized, please log in
[2025-10-02T21:09:14.860Z] [31MERROR[39M: Prisma error: 
Invalid `prisma.cart.findUnique()` invocation in
/home/ctrl/ecommerce-main/src/server/src/modules/cart/cart.repository.ts:30:36

  27 console.log("🔍 [CART REPOSITORY] getCartBySessionId called");
  28 console.log("🔍 [CART REPOSITORY] sessionId:", sessionId);
  29 
→ 30 const cart = await prisma.cart.findUnique(
The table `public.Cart` does not exist in the current database.
[2025-10-02T21:09:14.936Z] [31MERROR[39M: Refresh token not found
[2025-10-02T21:09:15.021Z] [31MERROR[39M: Prisma error: 
Invalid `prisma.category.findMany()` invocation in
/home/ctrl/ecommerce-main/src/server/src/modules/category/category.repository.ts:12:28

   9   includeProducts?: boolean;
  10 }) {
  11   const { where, orderBy, skip, take, includeProducts } = params;
→ 12   return prisma.category.findMany(
The table `public.Category` does not exist in the current database.
[2025-10-02T21:09:18.218Z] [31MERROR[39M: Unauthorized, please log in
[2025-10-02T21:09:18.222Z] [31MERROR[39M: Prisma error: 
Invalid `prisma.cart.findUnique()` invocation in
/home/ctrl/ecommerce-main/src/server/src/modules/cart/cart.repository.ts:30:36

  27 console.log("🔍 [CART REPOSITORY] getCartBySessionId called");
  28 console.log("🔍 [CART REPOSITORY] sessionId:", sessionId);
  29 
→ 30 const cart = await prisma.cart.findUnique(
The table `public.Cart` does not exist in the current database.
[2025-10-02T21:09:18.275Z] [31MERROR[39M: Refresh token not found
[2025-10-02T21:09:18.333Z] [31MERROR[39M: Prisma error: 
Invalid `prisma.category.findMany()` invocation in
/home/ctrl/ecommerce-main/src/server/src/modules/category/category.repository.ts:12:28

   9   includeProducts?: boolean;
  10 }) {
  11   const { where, orderBy, skip, take, includeProducts } = params;
→ 12   return prisma.category.findMany(
The table `public.Category` does not exist in the current database.
[2025-10-02T21:09:23.656Z] [31MERROR[39M: Unauthorized, please log in
[2025-10-02T21:09:23.662Z] [31MERROR[39M: Prisma error: 
Invalid `prisma.cart.findUnique()` invocation in
/home/ctrl/ecommerce-main/src/server/src/modules/cart/cart.repository.ts:30:36

  27 console.log("🔍 [CART REPOSITORY] getCartBySessionId called");
  28 console.log("🔍 [CART REPOSITORY] sessionId:", sessionId);
  29 
→ 30 const cart = await prisma.cart.findUnique(
The table `public.Cart` does not exist in the current database.
[2025-10-02T21:09:23.789Z] [31MERROR[39M: Prisma error: 
Invalid `prisma.category.findMany()` invocation in
/home/ctrl/ecommerce-main/src/server/src/modules/category/category.repository.ts:12:28

   9   includeProducts?: boolean;
  10 }) {
  11   const { where, orderBy, skip, take, includeProducts } = params;
→ 12   return prisma.category.findMany(
The table `public.Category` does not exist in the current database.
[2025-10-02T21:09:23.807Z] [31MERROR[39M: Refresh token not found
[2025-10-02T21:09:27.512Z] [31MERROR[39M: Unauthorized, please log in
[2025-10-02T21:09:27.514Z] [31MERROR[39M: Prisma error: 
Invalid `prisma.cart.findUnique()` invocation in
/home/ctrl/ecommerce-main/src/server/src/modules/cart/cart.repository.ts:30:36

  27 console.log("🔍 [CART REPOSITORY] getCartBySessionId called");
  28 console.log("🔍 [CART REPOSITORY] sessionId:", sessionId);
  29 
→ 30 const cart = await prisma.cart.findUnique(
The table `public.Cart` does not exist in the current database.
[2025-10-02T21:09:27.579Z] [31MERROR[39M: Refresh token not found
[2025-10-02T21:09:27.650Z] [31MERROR[39M: Prisma error: 
Invalid `prisma.category.findMany()` invocation in
/home/ctrl/ecommerce-main/src/server/src/modules/category/category.repository.ts:12:28

   9   includeProducts?: boolean;
  10 }) {
  11   const { where, orderBy, skip, take, includeProducts } = params;
→ 12   return prisma.category.findMany(
The table `public.Category` does not exist in the current database.
[2025-10-02T21:09:30.738Z] [31MERROR[39M: Unauthorized, please log in
[2025-10-02T21:09:30.741Z] [31MERROR[39M: Prisma error: 
Invalid `prisma.cart.findUnique()` invocation in
/home/ctrl/ecommerce-main/src/server/src/modules/cart/cart.repository.ts:30:36

  27 console.log("🔍 [CART REPOSITORY] getCartBySessionId called");
  28 console.log("🔍 [CART REPOSITORY] sessionId:", sessionId);
  29 
→ 30 const cart = await prisma.cart.findUnique(
The table `public.Cart` does not exist in the current database.
[2025-10-02T21:09:30.795Z] [31MERROR[39M: Refresh token not found
[2025-10-02T21:09:30.862Z] [31MERROR[39M: Prisma error: 
Invalid `prisma.category.findMany()` invocation in
/home/ctrl/ecommerce-main/src/server/src/modules/category/category.repository.ts:12:28

   9   includeProducts?: boolean;
  10 }) {
  11   const { where, orderBy, skip, take, includeProducts } = params;
→ 12   return prisma.category.findMany(
The table `public.Category` does not exist in the current database.
[2025-10-02T21:09:33.734Z] [31MERROR[39M: Unauthorized, please log in
[2025-10-02T21:09:33.736Z] [31MERROR[39M: Prisma error: 
Invalid `prisma.cart.findUnique()` invocation in
/home/ctrl/ecommerce-main/src/server/src/modules/cart/cart.repository.ts:30:36

  27 console.log("🔍 [CART REPOSITORY] getCartBySessionId called");
  28 console.log("🔍 [CART REPOSITORY] sessionId:", sessionId);
  29 
→ 30 const cart = await prisma.cart.findUnique(
The table `public.Cart` does not exist in the current database.
[2025-10-02T21:09:33.809Z] [31MERROR[39M: Refresh token not found
[2025-10-02T21:09:33.889Z] [31MERROR[39M: Prisma error: 
Invalid `prisma.category.findMany()` invocation in
/home/ctrl/ecommerce-main/src/server/src/modules/category/category.repository.ts:12:28

   9   includeProducts?: boolean;
  10 }) {
  11   const { where, orderBy, skip, take, includeProducts } = params;
→ 12   return prisma.category.findMany(
The table `public.Category` does not exist in the current database.
[2025-10-02T21:09:36.804Z] [31MERROR[39M: Unauthorized, please log in
[2025-10-02T21:09:36.810Z] [31MERROR[39M: Prisma error: 
Invalid `prisma.cart.findUnique()` invocation in
/home/ctrl/ecommerce-main/src/server/src/modules/cart/cart.repository.ts:30:36

  27 console.log("🔍 [CART REPOSITORY] getCartBySessionId called");
  28 console.log("🔍 [CART REPOSITORY] sessionId:", sessionId);
  29 
→ 30 const cart = await prisma.cart.findUnique(
The table `public.Cart` does not exist in the current database.
[2025-10-02T21:09:37.028Z] [31MERROR[39M: Prisma error: 
Invalid `prisma.category.findMany()` invocation in
/home/ctrl/ecommerce-main/src/server/src/modules/category/category.repository.ts:12:28

   9   includeProducts?: boolean;
  10 }) {
  11   const { where, orderBy, skip, take, includeProducts } = params;
→ 12   return prisma.category.findMany(
The table `public.Category` does not exist in the current database.
[2025-10-02T21:09:37.035Z] [31MERROR[39M: Refresh token not found
[2025-10-02T21:12:38.570Z] [31MERROR[39M: Prisma error: 
Invalid `prisma.category.findMany()` invocation in
/home/ctrl/ecommerce-main/src/server/src/modules/category/category.repository.ts:12:28

   9   includeProducts?: boolean;
  10 }) {
  11   const { where, orderBy, skip, take, includeProducts } = params;
→ 12   return prisma.category.findMany(
The table `public.Category` does not exist in the current database.
[2025-10-02T21:16:57.929Z] [31MERROR[39M: Unauthorized, please log in
[2025-10-02T21:16:57.949Z] [31MERROR[39M: Refresh token not found
[2025-10-03T04:49:26.397Z] [31MERROR[39M: Unauthorized, please log in
[2025-10-03T04:49:26.442Z] [31MERROR[39M: Refresh token not found
[2025-10-03T04:50:08.759Z] [31MERROR[39M: Unauthorized, please log in
[2025-10-03T04:50:08.777Z] [31MERROR[39M: Refresh token not found
[2025-10-03T04:52:40.673Z] [31MERROR[39M: Unauthorized, please log in
[2025-10-03T04:52:40.692Z] [31MERROR[39M: Refresh token not found
[2025-10-03T04:53:25.132Z] [31MERROR[39M: Unauthorized, please log in
[2025-10-03T04:53:25.157Z] [31MERROR[39M: Refresh token not found
[2025-10-03T04:53:57.588Z] [31MERROR[39M: Unauthorized, please log in
[2025-10-03T04:53:57.613Z] [31MERROR[39M: Refresh token not found
[2025-10-03T04:59:04.796Z] [31MERROR[39M: Unauthorized, please log in
[2025-10-03T04:59:04.812Z] [31MERROR[39M: Refresh token not found
[2025-10-03T05:02:38.291Z] [31MERROR[39M: Unauthorized, please log in
[2025-10-03T05:02:38.311Z] [31MERROR[39M: Refresh token not found
[2025-10-03T05:05:05.940Z] [31MERROR[39M: Unauthorized, please log in
[2025-10-03T05:05:05.969Z] [31MERROR[39M: Refresh token not found
[2025-10-03T05:05:27.275Z] [31MERROR[39M: Unauthorized, please log in
[2025-10-03T05:05:27.456Z] [31MERROR[39M: Refresh token not found
[2025-10-03T05:05:34.828Z] [31MERROR[39M: Unauthorized, please log in
[2025-10-03T05:05:34.854Z] [31MERROR[39M: Refresh token not found
[2025-10-03T05:05:49.262Z] [31MERROR[39M: Unauthorized, please log in
[2025-10-03T05:05:49.285Z] [31MERROR[39M: Refresh token not found
[2025-10-03T05:08:29.168Z] [31MERROR[39M: Unauthorized, please log in
[2025-10-03T05:08:29.180Z] [31MERROR[39M: Refresh token not found
[2025-10-03T05:09:00.352Z] [31MERROR[39M: Unauthorized, please log in
[2025-10-03T05:09:00.372Z] [31MERROR[39M: Refresh token not found
[2025-10-03T05:17:07.899Z] [31MERROR[39M: Unknown authentication strategy "google"
[2025-10-03T05:17:15.093Z] [31MERROR[39M: Unknown authentication strategy "google"
[2025-10-03T05:17:44.338Z] [31MERROR[39M: Unauthorized, please log in
[2025-10-03T05:17:44.374Z] [31MERROR[39M: Refresh token not found
[2025-10-03T05:18:18.809Z] [31MERROR[39M: Unauthorized, please log in
[2025-10-03T05:18:18.875Z] [31MERROR[39M: Refresh token not found
[2025-10-03T05:19:18.417Z] [31MERROR[39M: Unauthorized, please log in
[2025-10-03T05:19:18.484Z] [31MERROR[39M: Refresh token not found
[2025-10-03T05:19:32.076Z] [31MERROR[39M: Unauthorized, please log in
[2025-10-03T05:19:32.119Z] [31MERROR[39M: Refresh token not found
[2025-10-03T05:22:09.311Z] [31MERROR[39M: Unauthorized, please log in
[2025-10-03T05:22:09.344Z] [31MERROR[39M: Refresh token not found
[2025-10-03T05:22:54.916Z] [31MERROR[39M: Unauthorized, please log in
[2025-10-03T05:22:54.956Z] [31MERROR[39M: Refresh token not found
[2025-10-03T05:23:42.524Z] [31MERROR[39M: Unauthorized, please log in
[2025-10-03T05:23:42.584Z] [31MERROR[39M: Refresh token not found
[2025-10-03T05:23:50.882Z] [31MERROR[39M: Unauthorized, please log in
[2025-10-03T05:23:50.918Z] [31MERROR[39M: Refresh token not found
[2025-10-03T05:24:21.249Z] [31MERROR[39M: Unauthorized, please log in
[2025-10-03T05:24:21.279Z] [31MERROR[39M: Refresh token not found
[2025-10-03T05:25:01.262Z] [31MERROR[39M: Unauthorized, please log in
[2025-10-03T05:25:01.294Z] [31MERROR[39M: Refresh token not found
[2025-10-03T05:26:45.211Z] [31MERROR[39M: Unauthorized, please log in
[2025-10-03T05:26:45.253Z] [31MERROR[39M: Refresh token not found
[2025-10-03T05:26:54.834Z] [31MERROR[39M: Unauthorized, please log in
[2025-10-03T05:26:54.869Z] [31MERROR[39M: Refresh token not found
[2025-10-03T05:27:03.842Z] [31MERROR[39M: Unauthorized, please log in
[2025-10-03T05:27:03.871Z] [31MERROR[39M: Refresh token not found
[2025-10-03T05:27:15.391Z] [31MERROR[39M: Unauthorized, please log in
[2025-10-03T05:27:15.422Z] [31MERROR[39M: Refresh token not found
[2025-10-03T05:28:16.635Z] [31MERROR[39M: Unauthorized, please log in
[2025-10-03T05:28:16.672Z] [31MERROR[39M: Refresh token not found
[2025-10-03T05:28:19.021Z] [31MERROR[39M: Unauthorized, please log in
[2025-10-03T05:28:19.049Z] [31MERROR[39M: Refresh token not found
[2025-10-03T05:30:18.602Z] [31MERROR[39M: Unauthorized, please log in
[2025-10-03T05:30:18.655Z] [31MERROR[39M: Refresh token not found
[2025-10-03T05:30:40.978Z] [31MERROR[39M: Unauthorized, please log in
[2025-10-03T05:30:41.008Z] [31MERROR[39M: Refresh token not found
[2025-10-03T05:30:41.259Z] [31MERROR[39M: Unauthorized, please log in
[2025-10-03T05:30:41.295Z] [31MERROR[39M: Refresh token not found
[2025-10-03T05:32:25.271Z] [31MERROR[39M: Unauthorized, please log in
[2025-10-03T05:32:25.303Z] [31MERROR[39M: Refresh token not found
[2025-10-03T05:32:38.053Z] [31MERROR[39M: Unauthorized, please log in
[2025-10-03T05:32:38.105Z] [31MERROR[39M: Refresh token not found
[2025-10-03T05:33:12.005Z] [31MERROR[39M: Unknown authentication strategy "google"
[2025-10-03T05:33:26.117Z] [31MERROR[39M: Unauthorized, please log in
[2025-10-03T05:33:26.149Z] [31MERROR[39M: Refresh token not found
[2025-10-03T05:33:47.385Z] [31MERROR[39M: Unauthorized, please log in
[2025-10-03T05:33:47.419Z] [31MERROR[39M: Refresh token not found
[2025-10-03T05:35:06.540Z] [31MERROR[39M: Unauthorized, please log in
[2025-10-03T05:35:06.577Z] [31MERROR[39M: Refresh token not found
[2025-10-03T05:36:01.790Z] [31MERROR[39M: Unauthorized, please log in
[2025-10-03T05:36:01.869Z] [31MERROR[39M: Refresh token not found
[2025-10-03T05:40:45.894Z] [31MERROR[39M: Unauthorized, please log in
[2025-10-03T05:40:45.965Z] [31MERROR[39M: Refresh token not found
[2025-10-03T05:40:58.816Z] [31MERROR[39M: Unauthorized, please log in
[2025-10-03T05:40:58.872Z] [31MERROR[39M: Refresh token not found
[2025-10-03T05:42:33.520Z] [31MERROR[39M: Unauthorized, please log in
[2025-10-03T05:42:33.567Z] [31MERROR[39M: Refresh token not found
[2025-10-03T06:10:22.296Z] [31MERROR[39M: Unauthorized, please log in
[2025-10-03T06:10:22.333Z] [31MERROR[39M: Refresh token not found
[2025-10-03T06:15:23.325Z] [31MERROR[39M: Unauthorized, please log in
[2025-10-03T06:15:23.371Z] [31MERROR[39M: Refresh token not found
[2025-10-03T06:17:27.512Z] [31MERROR[39M: Unauthorized, please log in
[2025-10-03T06:17:27.540Z] [31MERROR[39M: Refresh token not found
[2025-10-03T06:31:46.574Z] [31MERROR[39M: Unauthorized, please log in
[2025-10-03T06:31:46.627Z] [31MERROR[39M: Refresh token not found
[2025-10-03T07:10:37.991Z] [31MERROR[39M: Unauthorized, please log in
[2025-10-03T07:10:38.014Z] [31MERROR[39M: Refresh token not found
[2025-10-03T07:13:15.856Z] [31MERROR[39M: Unauthorized, please log in
[2025-10-03T07:13:15.880Z] [31MERROR[39M: Refresh token not found
[2025-10-03T09:36:49.799Z] [31MERROR[39M: Invalid access token, please log in
[2025-10-03T09:36:49.928Z] [31MERROR[39M: Invalid access token, please log in
[2025-10-03T09:38:40.599Z] [31MERROR[39M: Invalid access token, please log in
[2025-10-03T09:38:40.649Z] [31MERROR[39M: Invalid access token, please log in
[2025-10-03T10:08:41.828Z] [31MERROR[39M: Invalid access token, please log in
[2025-10-03T10:08:41.957Z] [31MERROR[39M: Invalid access token, please log in
[2025-10-03T10:11:36.967Z] [31MERROR[39M: Unauthorized, please log in
[2025-10-03T10:11:37.013Z] [31MERROR[39M: Refresh token not found
[2025-10-03T10:12:07.330Z] [31MERROR[39M: Unknown authentication strategy "google"
[2025-10-03T10:51:57.383Z] [31MERROR[39M: Unauthorized, please log in
[2025-10-03T10:51:57.415Z] [31MERROR[39M: Refresh token not found
[2025-10-03T11:37:28.584Z] [31MERROR[39M: Invalid access token, please log in
[2025-10-03T11:37:28.646Z] [31MERROR[39M: Invalid access token, please log in
[2025-10-03T12:37:58.346Z] [31MERROR[39M: Invalid access token, please log in
[2025-10-03T12:37:58.426Z] [31MERROR[39M: Invalid access token, please log in
[2025-10-03T12:38:14.298Z] [31MERROR[39M: Invalid access token, please log in
[2025-10-03T12:38:14.335Z] [31MERROR[39M: Invalid access token, please log in
[2025-10-03T13:02:16.929Z] [31MERROR[39M: Invalid access token, please log in
[2025-10-03T13:02:16.965Z] [31MERROR[39M: Invalid access token, please log in
[2025-10-03T13:12:07.180Z] [31MERROR[39M: Invalid access token, please log in
[2025-10-03T13:12:07.243Z] [31MERROR[39M: User not found
[2025-10-03T13:15:45.855Z] [31MERROR[39M: Email or password is incorrect.
[2025-10-03T13:34:43.064Z] [31MERROR[39M: Unauthorized, please log in
[2025-10-03T13:34:43.131Z] [31MERROR[39M: Refresh token not found
[2025-10-03T13:43:22.932Z] [31MERROR[39M: Unauthorized, please log in
[2025-10-03T13:43:22.958Z] [31MERROR[39M: Refresh token not found
[2025-10-03T13:44:03.508Z] [31MERROR[39M: Email or password is incorrect.
[2025-10-03T13:44:29.315Z] [31MERROR[39M: Email or password is incorrect.
[2025-10-03T13:45:49.386Z] [31MERROR[39M: Email or password is incorrect.
[2025-10-03T13:48:01.977Z] [31MERROR[39M: Invalid access token, please log in
[2025-10-03T13:48:01.994Z] [31MERROR[39M: User not found
[2025-10-03T13:49:40.191Z] [31MERROR[39M: Email or password is incorrect.
[2025-10-03T13:50:20.875Z] [31MERROR[39M: Invalid access token, please log in
[2025-10-03T13:50:20.918Z] [31MERROR[39M: User not found
[2025-10-03T13:50:22.189Z] [31MERROR[39M: Email or password is incorrect.
[2025-10-03T13:51:48.220Z] [31MERROR[39M: Invalid access token, please log in
[2025-10-03T13:51:48.268Z] [31MERROR[39M: User not found
[2025-10-03T13:51:54.797Z] [31MERROR[39M: Email or password is incorrect.
[2025-10-03T14:01:45.458Z] [31MERROR[39M: Invalid access token, please log in
[2025-10-03T14:01:45.495Z] [31MERROR[39M: User not found
[2025-10-03T15:59:33.081Z] [31MERROR[39M: Email or password is incorrect.
[2025-10-03T16:01:50.650Z] [31MERROR[39M: Unauthorized, please log in
[2025-10-03T16:01:50.714Z] [31MERROR[39M: Refresh token not found
[2025-10-03T16:03:13.535Z] [31MERROR[39M: Email or password is incorrect.
[2025-10-03T16:16:48.436Z] [31MERROR[39M: Unauthorized, please log in
[2025-10-03T16:16:58.102Z] [31MERROR[39M: Unauthorized, please log in
[2025-10-03T16:53:24.028Z] [31MERROR[39M: Invalid access token, please log in
[2025-10-03T16:53:24.124Z] [31MERROR[39M: Invalid access token, please log in
[2025-10-03T16:58:46.886Z] [31MERROR[39M: Invalid access token, please log in
[2025-10-03T16:58:46.950Z] [31MERROR[39M: Invalid access token, please log in
[2025-10-03T17:01:55.573Z] [31MERROR[39M: Invalid access token, please log in
[2025-10-03T17:01:55.620Z] [31MERROR[39M: Invalid access token, please log in
[2025-10-03T17:07:52.743Z] [31MERROR[39M: Email or password is incorrect.
[2025-10-03T17:50:19.011Z] [31MERROR[39M: You have already reviewed this product
[2025-10-03T17:54:43.863Z] [31MERROR[39M: Invalid access token, please log in
[2025-10-03T17:54:44.022Z] [31MERROR[39M: Invalid access token, please log in
[2025-10-04T15:51:07.286Z] [31MERROR[39M: Invalid access token, please log in
[2025-10-04T15:51:07.497Z] [31MERROR[39M: Invalid access token, please log in
[2025-10-04T16:50:04.158Z] [31MERROR[39M: Invalid access token, please log in
[2025-10-04T16:50:04.243Z] [31MERROR[39M: Invalid access token, please log in
[2025-10-05T13:08:12.994Z] [31MERROR[39M: Unauthorized, please log in
[2025-10-05T13:08:13.039Z] [31MERROR[39M: Refresh token not found
[2025-10-05T13:09:54.040Z] [31MERROR[39M: Unauthorized, please log in
[2025-10-05T13:09:54.055Z] [31MERROR[39M: Refresh token not found
[2025-10-05T13:21:40.361Z] [31MERROR[39M: No orders found for this user
[2025-10-05T13:21:56.702Z] [31MERROR[39M: No orders found for this user
[2025-10-05T13:27:15.247Z] [31MERROR[39M: Invalid access token, please log in
[2025-10-05T13:27:15.326Z] [31MERROR[39M: Invalid access token, please log in
[2025-10-05T13:27:34.217Z] [31MERROR[39M: Invalid access token, please log in
[2025-10-05T13:27:34.243Z] [31MERROR[39M: Invalid access token, please log in
